<?xml version="1.0" encoding="UTF-8"?>
<testsuite name="com.kola.management.event.user.repository.UtilisateurRepositoryIntegrationTest" tests="3" skipped="0" failures="0" errors="0" timestamp="2025-04-30T15:19:29.754Z" hostname="DESKTOP-154MT6H" time="0.083">
  <properties/>
  <testcase name="givenUtilisateurCreated_whenUpdate_thenSuccess()" classname="com.kola.management.event.user.repository.UtilisateurRepositoryIntegrationTest" time="0.029"/>
  <testcase name="givenUtilisateurCreated_whenFindById_thenSuccess()" classname="com.kola.management.event.user.repository.UtilisateurRepositoryIntegrationTest" time="0.024"/>
  <testcase name="givenUtilisateurModel_whenSave_thenSuccess()" classname="com.kola.management.event.user.repository.UtilisateurRepositoryIntegrationTest" time="0.023"/>
  <system-out><![CDATA[2025-04-30T17:19:29.703+02:00  INFO 8896 --- [Event Management System - Kernel] [    Test worker] t.c.s.AnnotationConfigContextLoaderUtils : Could not detect default configuration classes for test class [com.kola.management.event.user.repository.UtilisateurRepositoryIntegrationTest]: UtilisateurRepositoryIntegrationTest does not declare any static, non-private, non-final, nested classes annotated with @Configuration.
2025-04-30T17:19:29.734+02:00  INFO 8896 --- [Event Management System - Kernel] [    Test worker] .b.t.c.SpringBootTestContextBootstrapper : Found @SpringBootConfiguration com.kola.management.event.user.EventUserApplication for test class com.kola.management.event.user.repository.UtilisateurRepositoryIntegrationTest
Hibernate: insert into utilisateur (active,created_at,created_by,date_creation,email,est_actif,mot_de_passe,nom_utilisateur,updated_at,updated_by,utilisateur_id,id) values (?,?,?,?,?,?,?,?,?,?,?,default)
Hibernate: insert into utilisateur (active,created_at,created_by,date_creation,email,est_actif,mot_de_passe,nom_utilisateur,updated_at,updated_by,utilisateur_id,id) values (?,?,?,?,?,?,?,?,?,?,?,default)
Hibernate: insert into utilisateur (active,created_at,created_by,date_creation,email,est_actif,mot_de_passe,nom_utilisateur,updated_at,updated_by,utilisateur_id,id) values (?,?,?,?,?,?,?,?,?,?,?,default)
]]></system-out>
  <system-err><![CDATA[]]></system-err>
</testsuite>
