<?xml version="1.0" encoding="UTF-8"?>
<testsuite name="com.kola.management.event.user.services.UtilisateurServiceIntegrationTest" tests="5" skipped="0" failures="0" errors="0" timestamp="2025-04-30T15:19:33.971Z" hostname="DESKTOP-154MT6H" time="0.193">
  <properties/>
  <testcase name="givenUtilisateur_whenFindByNomUtilisateur_thenReturnIt()" classname="com.kola.management.event.user.services.UtilisateurServiceIntegrationTest" time="0.041"/>
  <testcase name="givenUtilisateur_whenCheckExist_thenReturnTrue()" classname="com.kola.management.event.user.services.UtilisateurServiceIntegrationTest" time="0.039"/>
  <testcase name="givenMissingFields_whenCreate_thenThrowException()" classname="com.kola.management.event.user.services.UtilisateurServiceIntegrationTest" time="0.013"/>
  <testcase name="givenUtilisateur_whenUpdateEmail_thenUpdated()" classname="com.kola.management.event.user.services.UtilisateurServiceIntegrationTest" time="0.048"/>
  <testcase name="givenValidUtilisateur_whenCreate_thenSuccess()" classname="com.kola.management.event.user.services.UtilisateurServiceIntegrationTest" time="0.03"/>
  <system-out><![CDATA[2025-04-30T17:19:33.941+02:00  INFO 8896 --- [Event Management System - Kernel] [    Test worker] t.c.s.AnnotationConfigContextLoaderUtils : Could not detect default configuration classes for test class [com.kola.management.event.user.services.UtilisateurServiceIntegrationTest]: UtilisateurServiceIntegrationTest does not declare any static, non-private, non-final, nested classes annotated with @Configuration.
2025-04-30T17:19:33.946+02:00  INFO 8896 --- [Event Management System - Kernel] [    Test worker] .b.t.c.SpringBootTestContextBootstrapper : Found @SpringBootConfiguration com.kola.management.event.user.EventUserApplication for test class com.kola.management.event.user.services.UtilisateurServiceIntegrationTest
]]></system-out>
  <system-err><![CDATA[]]></system-err>
</testsuite>
