<?xml version="1.0" encoding="UTF-8"?>
<testsuite name="com.kola.management.event.user.services.RoleServiceIntegrationTest" tests="5" skipped="0" failures="0" errors="0" timestamp="2025-04-30T15:19:33.080Z" hostname="DESKTOP-154MT6H" time="0.856">
  <properties/>
  <testcase name="givenMissingNom_whenCreate_thenThrowsException()" classname="com.kola.management.event.user.services.RoleServiceIntegrationTest" time="0.052"/>
  <testcase name="givenMissingPermissions_whenCreate_thenThrowsException()" classname="com.kola.management.event.user.services.RoleServiceIntegrationTest" time="0.016"/>
  <testcase name="givenExistingRole_whenUpdate_thenUpdatedSuccessfully()" classname="com.kola.management.event.user.services.RoleServiceIntegrationTest" time="0.685"/>
  <testcase name="givenValidRole_whenCreate_thenSuccess()" classname="com.kola.management.event.user.services.RoleServiceIntegrationTest" time="0.022"/>
  <testcase name="givenValidRole_whenFindByNom_thenReturnCorrectResult()" classname="com.kola.management.event.user.services.RoleServiceIntegrationTest" time="0.049"/>
  <system-out><![CDATA[2025-04-30T17:19:29.852+02:00  INFO 8896 --- [Event Management System - Kernel] [    Test worker] t.c.s.AnnotationConfigContextLoaderUtils : Could not detect default configuration classes for test class [com.kola.management.event.user.services.RoleServiceIntegrationTest]: RoleServiceIntegrationTest does not declare any static, non-private, non-final, nested classes annotated with @Configuration.
2025-04-30T17:19:29.869+02:00  INFO 8896 --- [Event Management System - Kernel] [    Test worker] .b.t.c.SpringBootTestContextBootstrapper : Found @SpringBootConfiguration com.kola.management.event.user.EventUserApplication for test class com.kola.management.event.user.services.RoleServiceIntegrationTest

  .   ____          _            __ _ _
 /\\ / ___'_ __ _ _(_)_ __  __ _ \ \ \ \
( ( )\___ | '_ | '_| | '_ \/ _` | \ \ \ \
 \\/  ___)| |_)| | | | | || (_| |  ) ) ) )
  '  |____| .__|_| |_|_| |_\__, | / / / /
 =========|_|==============|___/=/_/_/_/

 :: Spring Boot ::                (v3.4.4)

2025-04-30T17:19:29.972+02:00  INFO 8896 --- [Event Management System - Kernel] [    Test worker] c.k.m.e.u.s.RoleServiceIntegrationTest   : Starting RoleServiceIntegrationTest using Java 21.0.7 with PID 8896 (started by user in E:\jjava\kola-management-event-app\kola-management-event-user)
2025-04-30T17:19:29.973+02:00  INFO 8896 --- [Event Management System - Kernel] [    Test worker] c.k.m.e.u.s.RoleServiceIntegrationTest   : No active profile set, falling back to 1 default profile: "default"
2025-04-30T17:19:30.784+02:00  INFO 8896 --- [Event Management System - Kernel] [    Test worker] .s.d.r.c.RepositoryConfigurationDelegate : Bootstrapping Spring Data JPA repositories in DEFAULT mode.
2025-04-30T17:19:30.836+02:00  INFO 8896 --- [Event Management System - Kernel] [    Test worker] .s.d.r.c.RepositoryConfigurationDelegate : Finished Spring Data repository scanning in 51 ms. Found 2 JPA repository interfaces.
2025-04-30T17:19:31.102+02:00  INFO 8896 --- [Event Management System - Kernel] [    Test worker] com.zaxxer.hikari.HikariDataSource       : HikariPool-2 - Starting...
2025-04-30T17:19:31.110+02:00  INFO 8896 --- [Event Management System - Kernel] [    Test worker] com.zaxxer.hikari.pool.HikariPool        : HikariPool-2 - Added connection conn21: url=jdbc:h2:mem:test user=SA
2025-04-30T17:19:31.110+02:00  INFO 8896 --- [Event Management System - Kernel] [    Test worker] com.zaxxer.hikari.HikariDataSource       : HikariPool-2 - Start completed.
2025-04-30T17:19:31.113+02:00  INFO 8896 --- [Event Management System - Kernel] [    Test worker] o.hibernate.jpa.internal.util.LogHelper  : HHH000204: Processing PersistenceUnitInfo [name: default]
2025-04-30T17:19:31.121+02:00  INFO 8896 --- [Event Management System - Kernel] [    Test worker] o.h.c.internal.RegionFactoryInitiator    : HHH000026: Second-level cache disabled
2025-04-30T17:19:31.153+02:00  INFO 8896 --- [Event Management System - Kernel] [    Test worker] o.s.o.j.p.SpringPersistenceUnitInfo      : No LoadTimeWeaver setup: ignoring JPA class transformer
2025-04-30T17:19:31.154+02:00  WARN 8896 --- [Event Management System - Kernel] [    Test worker] org.hibernate.orm.deprecation            : HHH90000025: H2Dialect does not need to be specified explicitly using 'hibernate.dialect' (remove the property setting and it will be selected by default)
2025-04-30T17:19:31.161+02:00  INFO 8896 --- [Event Management System - Kernel] [    Test worker] org.hibernate.orm.connections.pooling    : HHH10001005: Database info:
	Database JDBC URL [Connecting through datasource 'HikariDataSource (HikariPool-2)']
	Database driver: undefined/unknown
	Database version: 2.3.232
	Autocommit mode: undefined/unknown
	Isolation level: undefined/unknown
	Minimum pool size: undefined/unknown
	Maximum pool size: undefined/unknown
2025-04-30T17:19:31.637+02:00  INFO 8896 --- [Event Management System - Kernel] [    Test worker] o.h.e.t.j.p.i.JtaPlatformInitiator       : HHH000489: No JTA platform available (set 'hibernate.transaction.jta.platform' to enable JTA platform integration)
2025-04-30T17:19:31.690+02:00  INFO 8896 --- [Event Management System - Kernel] [    Test worker] j.LocalContainerEntityManagerFactoryBean : Initialized JPA EntityManagerFactory for persistence unit 'default'
2025-04-30T17:19:32.072+02:00  WARN 8896 --- [Event Management System - Kernel] [    Test worker] JpaBaseConfiguration$JpaWebConfiguration : spring.jpa.open-in-view is enabled by default. Therefore, database queries may be performed during view rendering. Explicitly configure spring.jpa.open-in-view to disable this warning
2025-04-30T17:19:32.096+02:00  INFO 8896 --- [Event Management System - Kernel] [    Test worker] eAuthenticationProviderManagerConfigurer : Global AuthenticationManager configured with AuthenticationProvider bean with name customAuthenticationProvider
2025-04-30T17:19:32.098+02:00  WARN 8896 --- [Event Management System - Kernel] [    Test worker] r$InitializeUserDetailsManagerConfigurer : Global AuthenticationManager configured with an AuthenticationProvider bean. UserDetailsService beans will not be used by Spring Security for automatically configuring username/password login. Consider removing the AuthenticationProvider bean. Alternatively, consider using the UserDetailsService in a manually instantiated DaoAuthenticationProvider. If the current configuration is intentional, to turn off this warning, increase the logging level of 'org.springframework.security.config.annotation.authentication.configuration.InitializeUserDetailsBeanManagerConfigurer' to ERROR
2025-04-30T17:19:32.789+02:00  WARN 8896 --- [Event Management System - Kernel] [    Test worker] ion$DefaultTemplateResolverConfiguration : Cannot find template location: classpath:/templates/ (please add some templates, check your Thymeleaf configuration, or set spring.thymeleaf.check-template-location=false)
2025-04-30T17:19:33.071+02:00  INFO 8896 --- [Event Management System - Kernel] [    Test worker] c.k.m.e.u.s.RoleServiceIntegrationTest   : Started RoleServiceIntegrationTest in 3.189 seconds (process running for 24.823)
]]></system-out>
  <system-err><![CDATA[]]></system-err>
</testsuite>
