<?xml version="1.0" encoding="UTF-8"?>
<testsuite name="com.kola.management.event.user.repository.RoleRepositoryIntegrationTest" tests="3" skipped="0" failures="0" errors="0" timestamp="2025-04-30T15:19:29.318Z" hostname="DESKTOP-154MT6H" time="0.38">
  <properties/>
  <testcase name="givenRoleCreated_whenFindById_thenSuccess()" classname="com.kola.management.event.user.repository.RoleRepositoryIntegrationTest" time="0.321"/>
  <testcase name="givenRoleModel_whenSave_thenSuccess()" classname="com.kola.management.event.user.repository.RoleRepositoryIntegrationTest" time="0.021"/>
  <testcase name="givenRoleCreated_whenUpdate_thenSuccess()" classname="com.kola.management.event.user.repository.RoleRepositoryIntegrationTest" time="0.031"/>
  <system-out><![CDATA[2025-04-30T17:19:28.009+02:00  INFO 8896 --- [Event Management System - Kernel] [    Test worker] t.c.s.AnnotationConfigContextLoaderUtils : Could not detect default configuration classes for test class [com.kola.management.event.user.repository.RoleRepositoryIntegrationTest]: RoleRepositoryIntegrationTest does not declare any static, non-private, non-final, nested classes annotated with @Configuration.
2025-04-30T17:19:28.088+02:00  INFO 8896 --- [Event Management System - Kernel] [    Test worker] .b.t.c.SpringBootTestContextBootstrapper : Found @SpringBootConfiguration com.kola.management.event.user.EventUserApplication for test class com.kola.management.event.user.repository.RoleRepositoryIntegrationTest

  .   ____          _            __ _ _
 /\\ / ___'_ __ _ _(_)_ __  __ _ \ \ \ \
( ( )\___ | '_ | '_| | '_ \/ _` | \ \ \ \
 \\/  ___)| |_)| | | | | || (_| |  ) ) ) )
  '  |____| .__|_| |_|_| |_\__, | / / / /
 =========|_|==============|___/=/_/_/_/

 :: Spring Boot ::                (v3.4.4)

2025-04-30T17:19:28.203+02:00  INFO 8896 --- [Event Management System - Kernel] [    Test worker] .k.m.e.u.r.RoleRepositoryIntegrationTest : Starting RoleRepositoryIntegrationTest using Java 21.0.7 with PID 8896 (started by user in E:\jjava\kola-management-event-app\kola-management-event-user)
2025-04-30T17:19:28.203+02:00  INFO 8896 --- [Event Management System - Kernel] [    Test worker] .k.m.e.u.r.RoleRepositoryIntegrationTest : No active profile set, falling back to 1 default profile: "default"
2025-04-30T17:19:28.468+02:00  INFO 8896 --- [Event Management System - Kernel] [    Test worker] .s.d.r.c.RepositoryConfigurationDelegate : Bootstrapping Spring Data JPA repositories in DEFAULT mode.
2025-04-30T17:19:28.522+02:00  INFO 8896 --- [Event Management System - Kernel] [    Test worker] .s.d.r.c.RepositoryConfigurationDelegate : Finished Spring Data repository scanning in 48 ms. Found 2 JPA repository interfaces.
2025-04-30T17:19:28.571+02:00  INFO 8896 --- [Event Management System - Kernel] [    Test worker] beddedDataSourceBeanFactoryPostProcessor : Replacing 'dataSource' DataSource bean with embedded version
2025-04-30T17:19:28.627+02:00  INFO 8896 --- [Event Management System - Kernel] [    Test worker] o.s.j.d.e.EmbeddedDatabaseFactory        : Starting embedded database: url='jdbc:h2:mem:05dfa8ab-99ee-4c33-8e08-503a6ac0624d;DB_CLOSE_DELAY=-1;DB_CLOSE_ON_EXIT=false', username='sa'
2025-04-30T17:19:28.688+02:00  INFO 8896 --- [Event Management System - Kernel] [    Test worker] o.hibernate.jpa.internal.util.LogHelper  : HHH000204: Processing PersistenceUnitInfo [name: default]
2025-04-30T17:19:28.705+02:00  INFO 8896 --- [Event Management System - Kernel] [    Test worker] o.h.c.internal.RegionFactoryInitiator    : HHH000026: Second-level cache disabled
2025-04-30T17:19:28.746+02:00  INFO 8896 --- [Event Management System - Kernel] [    Test worker] o.s.o.j.p.SpringPersistenceUnitInfo      : No LoadTimeWeaver setup: ignoring JPA class transformer
2025-04-30T17:19:28.746+02:00  INFO 8896 --- [Event Management System - Kernel] [    Test worker] org.hibernate.orm.connections.pooling    : HHH10001005: Database info:
	Database JDBC URL [Connecting through datasource 'org.springframework.jdbc.datasource.embedded.EmbeddedDatabaseFactory$EmbeddedDataSourceProxy@75af5f2a']
	Database driver: undefined/unknown
	Database version: 2.3.232
	Autocommit mode: undefined/unknown
	Isolation level: undefined/unknown
	Minimum pool size: undefined/unknown
	Maximum pool size: undefined/unknown
2025-04-30T17:19:28.989+02:00  INFO 8896 --- [Event Management System - Kernel] [    Test worker] o.h.e.t.j.p.i.JtaPlatformInitiator       : HHH000489: No JTA platform available (set 'hibernate.transaction.jta.platform' to enable JTA platform integration)
Hibernate: drop table if exists role cascade 
Hibernate: drop table if exists utilisateur cascade 
Hibernate: create table role (active boolean, created_at timestamp(6), id bigint generated by default as identity, role_id bigint, updated_at timestamp(6), created_by varchar(255), description varchar(255), nom varchar(255), permissions varchar(255), updated_by varchar(255), primary key (id))
Hibernate: create table utilisateur (active boolean, date_creation date, est_actif boolean not null, created_at timestamp(6), id bigint generated by default as identity, updated_at timestamp(6), utilisateur_id bigint, created_by varchar(255), email varchar(255), mot_de_passe varchar(255), nom_utilisateur varchar(255) unique, updated_by varchar(255), primary key (id))
2025-04-30T17:19:29.006+02:00  INFO 8896 --- [Event Management System - Kernel] [    Test worker] j.LocalContainerEntityManagerFactoryBean : Initialized JPA EntityManagerFactory for persistence unit 'default'
2025-04-30T17:19:29.313+02:00  INFO 8896 --- [Event Management System - Kernel] [    Test worker] .k.m.e.u.r.RoleRepositoryIntegrationTest : Started RoleRepositoryIntegrationTest in 1.21 seconds (process running for 21.069)
Hibernate: insert into role (active,created_at,created_by,description,nom,permissions,role_id,updated_at,updated_by,id) values (?,?,?,?,?,?,?,?,?,default)
Hibernate: insert into role (active,created_at,created_by,description,nom,permissions,role_id,updated_at,updated_by,id) values (?,?,?,?,?,?,?,?,?,default)
Hibernate: insert into role (active,created_at,created_by,description,nom,permissions,role_id,updated_at,updated_by,id) values (?,?,?,?,?,?,?,?,?,default)
]]></system-out>
  <system-err><![CDATA[]]></system-err>
</testsuite>
