<?xml version="1.0" encoding="UTF-8"?>
<testsuite name="com.kola.management.event.user.EventUserApplicationTests" tests="1" skipped="0" failures="0" errors="0" timestamp="2025-04-30T15:19:26.367Z" hostname="DESKTOP-154MT6H" time="1.607">
  <properties/>
  <testcase name="contextLoads()" classname="com.kola.management.event.user.EventUserApplicationTests" time="1.607"/>
  <system-out><![CDATA[17:19:11.727 [Test worker] INFO org.springframework.test.context.support.AnnotationConfigContextLoaderUtils -- Could not detect default configuration classes for test class [com.kola.management.event.user.EventUserApplicationTests]: EventUserApplicationTests does not declare any static, non-private, non-final, nested classes annotated with @Configuration.
17:19:12.440 [Test worker] INFO org.springframework.boot.test.context.SpringBootTestContextBootstrapper -- Found @SpringBootConfiguration com.kola.management.event.user.EventUserApplication for test class com.kola.management.event.user.EventUserApplicationTests

  .   ____          _            __ _ _
 /\\ / ___'_ __ _ _(_)_ __  __ _ \ \ \ \
( ( )\___ | '_ | '_| | '_ \/ _` | \ \ \ \
 \\/  ___)| |_)| | | | | || (_| |  ) ) ) )
  '  |____| .__|_| |_|_| |_\__, | / / / /
 =========|_|==============|___/=/_/_/_/

 :: Spring Boot ::                (v3.4.4)

2025-04-30T17:19:13.860+02:00  INFO 8896 --- [Event Management System - Kernel] [    Test worker] c.k.m.e.user.EventUserApplicationTests   : Starting EventUserApplicationTests using Java 21.0.7 with PID 8896 (started by user in E:\jjava\kola-management-event-app\kola-management-event-user)
2025-04-30T17:19:13.865+02:00  INFO 8896 --- [Event Management System - Kernel] [    Test worker] c.k.m.e.user.EventUserApplicationTests   : No active profile set, falling back to 1 default profile: "default"
2025-04-30T17:19:16.502+02:00  INFO 8896 --- [Event Management System - Kernel] [    Test worker] .s.d.r.c.RepositoryConfigurationDelegate : Bootstrapping Spring Data JPA repositories in DEFAULT mode.
2025-04-30T17:19:16.748+02:00  INFO 8896 --- [Event Management System - Kernel] [    Test worker] .s.d.r.c.RepositoryConfigurationDelegate : Finished Spring Data repository scanning in 217 ms. Found 2 JPA repository interfaces.
2025-04-30T17:19:18.477+02:00  INFO 8896 --- [Event Management System - Kernel] [    Test worker] com.zaxxer.hikari.HikariDataSource       : HikariPool-1 - Starting...
2025-04-30T17:19:19.111+02:00  INFO 8896 --- [Event Management System - Kernel] [    Test worker] com.zaxxer.hikari.pool.HikariPool        : HikariPool-1 - Added connection conn0: url=jdbc:h2:mem:a0762f59-3d58-4b14-a289-734808ae0c62 user=SA
2025-04-30T17:19:19.111+02:00  INFO 8896 --- [Event Management System - Kernel] [    Test worker] com.zaxxer.hikari.HikariDataSource       : HikariPool-1 - Start completed.
2025-04-30T17:19:19.280+02:00  INFO 8896 --- [Event Management System - Kernel] [    Test worker] o.hibernate.jpa.internal.util.LogHelper  : HHH000204: Processing PersistenceUnitInfo [name: default]
2025-04-30T17:19:19.463+02:00  INFO 8896 --- [Event Management System - Kernel] [    Test worker] org.hibernate.Version                    : HHH000412: Hibernate ORM core version 6.6.11.Final
2025-04-30T17:19:19.563+02:00  INFO 8896 --- [Event Management System - Kernel] [    Test worker] o.h.c.internal.RegionFactoryInitiator    : HHH000026: Second-level cache disabled
2025-04-30T17:19:20.531+02:00  INFO 8896 --- [Event Management System - Kernel] [    Test worker] o.s.o.j.p.SpringPersistenceUnitInfo      : No LoadTimeWeaver setup: ignoring JPA class transformer
2025-04-30T17:19:20.762+02:00  INFO 8896 --- [Event Management System - Kernel] [    Test worker] org.hibernate.orm.connections.pooling    : HHH10001005: Database info:
	Database JDBC URL [Connecting through datasource 'HikariDataSource (HikariPool-1)']
	Database driver: undefined/unknown
	Database version: 2.3.232
	Autocommit mode: undefined/unknown
	Isolation level: undefined/unknown
	Minimum pool size: undefined/unknown
	Maximum pool size: undefined/unknown
2025-04-30T17:19:22.796+02:00  INFO 8896 --- [Event Management System - Kernel] [    Test worker] o.h.e.t.j.p.i.JtaPlatformInitiator       : HHH000489: No JTA platform available (set 'hibernate.transaction.jta.platform' to enable JTA platform integration)
2025-04-30T17:19:22.891+02:00  INFO 8896 --- [Event Management System - Kernel] [    Test worker] j.LocalContainerEntityManagerFactoryBean : Initialized JPA EntityManagerFactory for persistence unit 'default'
2025-04-30T17:19:24.083+02:00  WARN 8896 --- [Event Management System - Kernel] [    Test worker] JpaBaseConfiguration$JpaWebConfiguration : spring.jpa.open-in-view is enabled by default. Therefore, database queries may be performed during view rendering. Explicitly configure spring.jpa.open-in-view to disable this warning
2025-04-30T17:19:24.150+02:00  INFO 8896 --- [Event Management System - Kernel] [    Test worker] eAuthenticationProviderManagerConfigurer : Global AuthenticationManager configured with AuthenticationProvider bean with name customAuthenticationProvider
2025-04-30T17:19:24.150+02:00  WARN 8896 --- [Event Management System - Kernel] [    Test worker] r$InitializeUserDetailsManagerConfigurer : Global AuthenticationManager configured with an AuthenticationProvider bean. UserDetailsService beans will not be used by Spring Security for automatically configuring username/password login. Consider removing the AuthenticationProvider bean. Alternatively, consider using the UserDetailsService in a manually instantiated DaoAuthenticationProvider. If the current configuration is intentional, to turn off this warning, increase the logging level of 'org.springframework.security.config.annotation.authentication.configuration.InitializeUserDetailsBeanManagerConfigurer' to ERROR
2025-04-30T17:19:25.904+02:00  WARN 8896 --- [Event Management System - Kernel] [    Test worker] ion$DefaultTemplateResolverConfiguration : Cannot find template location: classpath:/templates/ (please add some templates, check your Thymeleaf configuration, or set spring.thymeleaf.check-template-location=false)
2025-04-30T17:19:26.335+02:00  INFO 8896 --- [Event Management System - Kernel] [    Test worker] c.k.m.e.user.EventUserApplicationTests   : Started EventUserApplicationTests in 13.342 seconds (process running for 18.09)
]]></system-out>
  <system-err><![CDATA[Mockito is currently self-attaching to enable the inline-mock-maker. This will no longer work in future releases of the JDK. Please add Mockito as an agent to your build what is described in Mockito's documentation: https://javadoc.io/doc/org.mockito/mockito-core/latest/org/mockito/Mockito.html#0.3
WARNING: A Java agent has been loaded dynamically (C:\Users\user\.gradle\caches\modules-2\files-2.1\net.bytebuddy\byte-buddy-agent\1.15.11\a38b16385e867f59a641330f0362ebe742788ed8\byte-buddy-agent-1.15.11.jar)
WARNING: If a serviceability tool is in use, please run with -XX:+EnableDynamicAgentLoading to hide this warning
WARNING: If a serviceability tool is not in use, please run with -Djdk.instrument.traceUsage for more information
WARNING: Dynamic loading of agents will be disallowed by default in a future release
]]></system-err>
</testsuite>
