<?xml version="1.0" encoding="UTF-8"?>
<testsuite name="com.kola.management.event.event.event.EventEventApplicationTests" tests="1" skipped="0" failures="0" errors="0" timestamp="2025-04-30T21:49:38.766Z" hostname="DESKTOP-154MT6H" time="0.307">
  <properties/>
  <testcase name="contextLoads()" classname="com.kola.management.event.event.event.EventEventApplicationTests" time="0.307"/>
  <system-out><![CDATA[2025-04-30T23:49:33.236+02:00  INFO 14956 --- [Event Management System - Kernel] [    Test worker] t.c.s.AnnotationConfigContextLoaderUtils : Could not detect default configuration classes for test class [com.kola.management.event.event.event.EventEventApplicationTests]: EventEventApplicationTests does not declare any static, non-private, non-final, nested classes annotated with @Configuration.
2025-04-30T23:49:33.542+02:00  INFO 14956 --- [Event Management System - Kernel] [    Test worker] .b.t.c.SpringBootTestContextBootstrapper : Found @SpringBootConfiguration com.kola.management.event.event.EventEventApplication for test class com.kola.management.event.event.event.EventEventApplicationTests

  .   ____          _            __ _ _
 /\\ / ___'_ __ _ _(_)_ __  __ _ \ \ \ \
( ( )\___ | '_ | '_| | '_ \/ _` | \ \ \ \
 \\/  ___)| |_)| | | | | || (_| |  ) ) ) )
  '  |____| .__|_| |_|_| |_\__, | / / / /
 =========|_|==============|___/=/_/_/_/

 :: Spring Boot ::                (v3.4.4)

2025-04-30T23:49:33.791+02:00  INFO 14956 --- [Event Management System - Kernel] [    Test worker] c.k.m.e.e.e.EventEventApplicationTests   : Starting EventEventApplicationTests using Java 21.0.7 with PID 14956 (started by user in E:\jjava\kola-management-event-app\kola-management-event-event)
2025-04-30T23:49:33.792+02:00  INFO 14956 --- [Event Management System - Kernel] [    Test worker] c.k.m.e.e.e.EventEventApplicationTests   : No active profile set, falling back to 1 default profile: "default"
2025-04-30T23:49:35.205+02:00  INFO 14956 --- [Event Management System - Kernel] [    Test worker] .s.d.r.c.RepositoryConfigurationDelegate : Bootstrapping Spring Data JPA repositories in DEFAULT mode.
2025-04-30T23:49:35.277+02:00  INFO 14956 --- [Event Management System - Kernel] [    Test worker] .s.d.r.c.RepositoryConfigurationDelegate : Finished Spring Data repository scanning in 65 ms. Found 2 JPA repository interfaces.
2025-04-30T23:49:36.122+02:00  INFO 14956 --- [Event Management System - Kernel] [    Test worker] com.zaxxer.hikari.HikariDataSource       : HikariPool-2 - Starting...
2025-04-30T23:49:36.172+02:00  INFO 14956 --- [Event Management System - Kernel] [    Test worker] com.zaxxer.hikari.pool.HikariPool        : HikariPool-2 - Added connection conn10: url=jdbc:h2:mem:954cca28-cafb-4540-b587-ed3a58d7e6ba user=SA
2025-04-30T23:49:36.174+02:00  INFO 14956 --- [Event Management System - Kernel] [    Test worker] com.zaxxer.hikari.HikariDataSource       : HikariPool-2 - Start completed.
2025-04-30T23:49:36.181+02:00  INFO 14956 --- [Event Management System - Kernel] [    Test worker] o.hibernate.jpa.internal.util.LogHelper  : HHH000204: Processing PersistenceUnitInfo [name: default]
2025-04-30T23:49:36.195+02:00  INFO 14956 --- [Event Management System - Kernel] [    Test worker] o.h.c.internal.RegionFactoryInitiator    : HHH000026: Second-level cache disabled
2025-04-30T23:49:36.247+02:00  INFO 14956 --- [Event Management System - Kernel] [    Test worker] o.s.o.j.p.SpringPersistenceUnitInfo      : No LoadTimeWeaver setup: ignoring JPA class transformer
2025-04-30T23:49:36.319+02:00  INFO 14956 --- [Event Management System - Kernel] [    Test worker] org.hibernate.orm.connections.pooling    : HHH10001005: Database info:
	Database JDBC URL [Connecting through datasource 'HikariDataSource (HikariPool-2)']
	Database driver: undefined/unknown
	Database version: 2.3.232
	Autocommit mode: undefined/unknown
	Isolation level: undefined/unknown
	Minimum pool size: undefined/unknown
	Maximum pool size: undefined/unknown
2025-04-30T23:49:36.866+02:00  INFO 14956 --- [Event Management System - Kernel] [    Test worker] o.h.e.t.j.p.i.JtaPlatformInitiator       : HHH000489: No JTA platform available (set 'hibernate.transaction.jta.platform' to enable JTA platform integration)
2025-04-30T23:49:36.880+02:00  INFO 14956 --- [Event Management System - Kernel] [    Test worker] j.LocalContainerEntityManagerFactoryBean : Initialized JPA EntityManagerFactory for persistence unit 'default'
2025-04-30T23:49:37.069+02:00  WARN 14956 --- [Event Management System - Kernel] [    Test worker] JpaBaseConfiguration$JpaWebConfiguration : spring.jpa.open-in-view is enabled by default. Therefore, database queries may be performed during view rendering. Explicitly configure spring.jpa.open-in-view to disable this warning
2025-04-30T23:49:37.595+02:00  WARN 14956 --- [Event Management System - Kernel] [    Test worker] ion$DefaultTemplateResolverConfiguration : Cannot find template location: classpath:/templates/ (please add some templates, check your Thymeleaf configuration, or set spring.thymeleaf.check-template-location=false)
2025-04-30T23:49:38.477+02:00  INFO 14956 --- [Event Management System - Kernel] [    Test worker] r$InitializeUserDetailsManagerConfigurer : Global AuthenticationManager configured with UserDetailsService bean with name inMemoryUserDetailsManager
2025-04-30T23:49:38.741+02:00  INFO 14956 --- [Event Management System - Kernel] [    Test worker] c.k.m.e.e.e.EventEventApplicationTests   : Started EventEventApplicationTests in 5.146 seconds (process running for 54.36)
]]></system-out>
  <system-err><![CDATA[]]></system-err>
</testsuite>
