<?xml version="1.0" encoding="UTF-8"?>
<testsuite name="com.kola.management.event.event.event.repository.EventRepositoryIntegrationTest" tests="3" skipped="0" failures="0" errors="0" timestamp="2025-04-30T21:49:41.833Z" hostname="DESKTOP-154MT6H" time="0.072">
  <properties/>
  <testcase name="givenRoleCreated_whenFindById_thenSuccess()" classname="com.kola.management.event.event.event.repository.EventRepositoryIntegrationTest" time="0.02"/>
  <testcase name="givenRoleModel_whenSave_thenSuccess()" classname="com.kola.management.event.event.event.repository.EventRepositoryIntegrationTest" time="0.019"/>
  <testcase name="givenRoleCreated_whenUpdate_thenSuccess()" classname="com.kola.management.event.event.event.repository.EventRepositoryIntegrationTest" time="0.027"/>
  <system-out><![CDATA[2025-04-30T23:49:41.797+02:00  INFO 14956 --- [Event Management System - Kernel] [    Test worker] t.c.s.AnnotationConfigContextLoaderUtils : Could not detect default configuration classes for test class [com.kola.management.event.event.event.repository.EventRepositoryIntegrationTest]: EventRepositoryIntegrationTest does not declare any static, non-private, non-final, nested classes annotated with @Configuration.
2025-04-30T23:49:41.826+02:00  INFO 14956 --- [Event Management System - Kernel] [    Test worker] .b.t.c.SpringBootTestContextBootstrapper : Found @SpringBootConfiguration com.kola.management.event.event.EventEventApplication for test class com.kola.management.event.event.event.repository.EventRepositoryIntegrationTest
Hibernate: insert into event (active,created_at,created_by,event_description,event_id,event_name,event_venue,updated_at,updated_by,id) values (?,?,?,?,?,?,?,?,?,default)
Hibernate: insert into event (active,created_at,created_by,event_description,event_id,event_name,event_venue,updated_at,updated_by,id) values (?,?,?,?,?,?,?,?,?,default)
Hibernate: insert into event (active,created_at,created_by,event_description,event_id,event_name,event_venue,updated_at,updated_by,id) values (?,?,?,?,?,?,?,?,?,default)
]]></system-out>
  <system-err><![CDATA[]]></system-err>
</testsuite>
