<?xml version="1.0" encoding="UTF-8"?>
<testsuite name="com.kola.management.event.event.event.services.EventServiceIntegrationTest" tests="2" skipped="0" failures="0" errors="0" timestamp="2025-05-01T12:34:48.507Z" hostname="DESKTOP-154MT6H" time="0.058">
  <properties/>
  <testcase name="givenExistingEvent_whenUpdate_thenUpdatedSuccessfully()" classname="com.kola.management.event.event.event.services.EventServiceIntegrationTest" time="0.03"/>
  <testcase name="givenValidEvent_whenCreate_thenSuccess()" classname="com.kola.management.event.event.event.services.EventServiceIntegrationTest" time="0.02"/>
  <system-out><![CDATA[2025-05-01T14:34:48.481+02:00  INFO 12796 --- [Event Management System - Kernel] [    Test worker] t.c.s.AnnotationConfigContextLoaderUtils : Could not detect default configuration classes for test class [com.kola.management.event.event.event.services.EventServiceIntegrationTest]: EventServiceIntegrationTest does not declare any static, non-private, non-final, nested classes annotated with @Configuration.
2025-05-01T14:34:48.486+02:00  INFO 12796 --- [Event Management System - Kernel] [    Test worker] .b.t.c.SpringBootTestContextBootstrapper : Found @SpringBootConfiguration com.kola.management.event.event.EventEventApplication for test class com.kola.management.event.event.event.services.EventServiceIntegrationTest
]]></system-out>
  <system-err><![CDATA[]]></system-err>
</testsuite>
