<?xml version="1.0" encoding="UTF-8"?>
<testsuite name="com.kola.management.event.event.event.services.EventHistoryServiceIntegrationTest" tests="2" skipped="0" failures="0" errors="0" timestamp="2025-05-01T12:34:48.373Z" hostname="DESKTOP-154MT6H" time="0.102">
  <properties/>
  <testcase name="givenExistingEventHistory_whenUpdate_thenUpdatedSuccessfully()" classname="com.kola.management.event.event.event.services.EventHistoryServiceIntegrationTest" time="0.077"/>
  <testcase name="givenValidEventHistory_whenCreate_thenSuccess()" classname="com.kola.management.event.event.event.services.EventHistoryServiceIntegrationTest" time="0.022"/>
  <system-out><![CDATA[2025-05-01T14:34:46.243+02:00  INFO 12796 --- [Event Management System - Kernel] [    Test worker] t.c.s.AnnotationConfigContextLoaderUtils : Could not detect default configuration classes for test class [com.kola.management.event.event.event.services.EventHistoryServiceIntegrationTest]: EventHistoryServiceIntegrationTest does not declare any static, non-private, non-final, nested classes annotated with @Configuration.
2025-05-01T14:34:46.273+02:00  INFO 12796 --- [Event Management System - Kernel] [    Test worker] .b.t.c.SpringBootTestContextBootstrapper : Found @SpringBootConfiguration com.kola.management.event.event.EventEventApplication for test class com.kola.management.event.event.event.services.EventHistoryServiceIntegrationTest

  .   ____          _            __ _ _
 /\\ / ___'_ __ _ _(_)_ __  __ _ \ \ \ \
( ( )\___ | '_ | '_| | '_ \/ _` | \ \ \ \
 \\/  ___)| |_)| | | | | || (_| |  ) ) ) )
  '  |____| .__|_| |_|_| |_\__, | / / / /
 =========|_|==============|___/=/_/_/_/

 :: Spring Boot ::                (v3.4.4)

2025-05-01T14:34:46.393+02:00  INFO 12796 --- [Event Management System - Kernel] [    Test worker] e.e.s.EventHistoryServiceIntegrationTest : Starting EventHistoryServiceIntegrationTest using Java 21.0.7 with PID 12796 (started by user in E:\jjava\kola-management-event-app\kola-management-event-event)
2025-05-01T14:34:46.394+02:00  INFO 12796 --- [Event Management System - Kernel] [    Test worker] e.e.s.EventHistoryServiceIntegrationTest : No active profile set, falling back to 1 default profile: "default"
2025-05-01T14:34:46.973+02:00  INFO 12796 --- [Event Management System - Kernel] [    Test worker] .s.d.r.c.RepositoryConfigurationDelegate : Bootstrapping Spring Data JPA repositories in DEFAULT mode.
2025-05-01T14:34:47.044+02:00  INFO 12796 --- [Event Management System - Kernel] [    Test worker] .s.d.r.c.RepositoryConfigurationDelegate : Finished Spring Data repository scanning in 66 ms. Found 2 JPA repository interfaces.
2025-05-01T14:34:47.403+02:00  INFO 12796 --- [Event Management System - Kernel] [    Test worker] com.zaxxer.hikari.HikariDataSource       : HikariPool-2 - Starting...
2025-05-01T14:34:47.410+02:00  INFO 12796 --- [Event Management System - Kernel] [    Test worker] com.zaxxer.hikari.pool.HikariPool        : HikariPool-2 - Added connection conn21: url=jdbc:h2:mem:test user=SA
2025-05-01T14:34:47.411+02:00  INFO 12796 --- [Event Management System - Kernel] [    Test worker] com.zaxxer.hikari.HikariDataSource       : HikariPool-2 - Start completed.
2025-05-01T14:34:47.414+02:00  INFO 12796 --- [Event Management System - Kernel] [    Test worker] o.hibernate.jpa.internal.util.LogHelper  : HHH000204: Processing PersistenceUnitInfo [name: default]
2025-05-01T14:34:47.423+02:00  INFO 12796 --- [Event Management System - Kernel] [    Test worker] o.h.c.internal.RegionFactoryInitiator    : HHH000026: Second-level cache disabled
2025-05-01T14:34:47.460+02:00  INFO 12796 --- [Event Management System - Kernel] [    Test worker] o.s.o.j.p.SpringPersistenceUnitInfo      : No LoadTimeWeaver setup: ignoring JPA class transformer
2025-05-01T14:34:47.467+02:00  WARN 12796 --- [Event Management System - Kernel] [    Test worker] org.hibernate.orm.deprecation            : HHH90000025: H2Dialect does not need to be specified explicitly using 'hibernate.dialect' (remove the property setting and it will be selected by default)
2025-05-01T14:34:47.469+02:00  INFO 12796 --- [Event Management System - Kernel] [    Test worker] org.hibernate.orm.connections.pooling    : HHH10001005: Database info:
	Database JDBC URL [Connecting through datasource 'HikariDataSource (HikariPool-2)']
	Database driver: undefined/unknown
	Database version: 2.3.232
	Autocommit mode: undefined/unknown
	Isolation level: undefined/unknown
	Minimum pool size: undefined/unknown
	Maximum pool size: undefined/unknown
2025-05-01T14:34:47.727+02:00  INFO 12796 --- [Event Management System - Kernel] [    Test worker] o.h.e.t.j.p.i.JtaPlatformInitiator       : HHH000489: No JTA platform available (set 'hibernate.transaction.jta.platform' to enable JTA platform integration)
2025-05-01T14:34:47.738+02:00  INFO 12796 --- [Event Management System - Kernel] [    Test worker] j.LocalContainerEntityManagerFactoryBean : Initialized JPA EntityManagerFactory for persistence unit 'default'
2025-05-01T14:34:47.948+02:00  WARN 12796 --- [Event Management System - Kernel] [    Test worker] JpaBaseConfiguration$JpaWebConfiguration : spring.jpa.open-in-view is enabled by default. Therefore, database queries may be performed during view rendering. Explicitly configure spring.jpa.open-in-view to disable this warning
2025-05-01T14:34:48.099+02:00  WARN 12796 --- [Event Management System - Kernel] [    Test worker] ion$DefaultTemplateResolverConfiguration : Cannot find template location: classpath:/templates/ (please add some templates, check your Thymeleaf configuration, or set spring.thymeleaf.check-template-location=false)
2025-05-01T14:34:48.259+02:00  INFO 12796 --- [Event Management System - Kernel] [    Test worker] r$InitializeUserDetailsManagerConfigurer : Global AuthenticationManager configured with UserDetailsService bean with name inMemoryUserDetailsManager
2025-05-01T14:34:48.367+02:00  INFO 12796 --- [Event Management System - Kernel] [    Test worker] e.e.s.EventHistoryServiceIntegrationTest : Started EventHistoryServiceIntegrationTest in 2.069 seconds (process running for 22.951)
]]></system-out>
  <system-err><![CDATA[]]></system-err>
</testsuite>
