<?xml version="1.0" encoding="UTF-8"?>
<testsuite name="com.kola.management.event.event.event.repository.EventHistoryRepositoryIntegrationTest" tests="3" skipped="0" failures="0" errors="0" timestamp="2025-05-01T12:34:45.597Z" hostname="DESKTOP-154MT6H" time="0.423">
  <properties/>
  <testcase name="givenEventHistory_whenSave_thenSuccess()" classname="com.kola.management.event.event.event.repository.EventHistoryRepositoryIntegrationTest" time="0.348"/>
  <testcase name="givenEventHisotryCreated_whenUpdate_thenSuccess()" classname="com.kola.management.event.event.event.repository.EventHistoryRepositoryIntegrationTest" time="0.036"/>
  <testcase name="givenEventHistoryCreated_whenFindById_thenSuccess()" classname="com.kola.management.event.event.event.repository.EventHistoryRepositoryIntegrationTest" time="0.032"/>
  <system-out><![CDATA[2025-05-01T14:34:44.050+02:00  INFO 12796 --- [Event Management System - Kernel] [    Test worker] t.c.s.AnnotationConfigContextLoaderUtils : Could not detect default configuration classes for test class [com.kola.management.event.event.event.repository.EventHistoryRepositoryIntegrationTest]: EventHistoryRepositoryIntegrationTest does not declare any static, non-private, non-final, nested classes annotated with @Configuration.
2025-05-01T14:34:44.147+02:00  INFO 12796 --- [Event Management System - Kernel] [    Test worker] .b.t.c.SpringBootTestContextBootstrapper : Found @SpringBootConfiguration com.kola.management.event.event.EventEventApplication for test class com.kola.management.event.event.event.repository.EventHistoryRepositoryIntegrationTest

  .   ____          _            __ _ _
 /\\ / ___'_ __ _ _(_)_ __  __ _ \ \ \ \
( ( )\___ | '_ | '_| | '_ \/ _` | \ \ \ \
 \\/  ___)| |_)| | | | | || (_| |  ) ) ) )
  '  |____| .__|_| |_|_| |_\__, | / / / /
 =========|_|==============|___/=/_/_/_/

 :: Spring Boot ::                (v3.4.4)

2025-05-01T14:34:44.244+02:00  INFO 12796 --- [Event Management System - Kernel] [    Test worker] .r.EventHistoryRepositoryIntegrationTest : Starting EventHistoryRepositoryIntegrationTest using Java 21.0.7 with PID 12796 (started by user in E:\jjava\kola-management-event-app\kola-management-event-event)
2025-05-01T14:34:44.245+02:00  INFO 12796 --- [Event Management System - Kernel] [    Test worker] .r.EventHistoryRepositoryIntegrationTest : No active profile set, falling back to 1 default profile: "default"
2025-05-01T14:34:44.497+02:00  INFO 12796 --- [Event Management System - Kernel] [    Test worker] .s.d.r.c.RepositoryConfigurationDelegate : Bootstrapping Spring Data JPA repositories in DEFAULT mode.
2025-05-01T14:34:44.551+02:00  INFO 12796 --- [Event Management System - Kernel] [    Test worker] .s.d.r.c.RepositoryConfigurationDelegate : Finished Spring Data repository scanning in 49 ms. Found 2 JPA repository interfaces.
2025-05-01T14:34:44.590+02:00  INFO 12796 --- [Event Management System - Kernel] [    Test worker] beddedDataSourceBeanFactoryPostProcessor : Replacing 'dataSource' DataSource bean with embedded version
2025-05-01T14:34:44.647+02:00  INFO 12796 --- [Event Management System - Kernel] [    Test worker] o.s.j.d.e.EmbeddedDatabaseFactory        : Starting embedded database: url='jdbc:h2:mem:bd3a2468-057d-4947-8909-dc6fcfa66d22;DB_CLOSE_DELAY=-1;DB_CLOSE_ON_EXIT=false', username='sa'
2025-05-01T14:34:44.705+02:00  INFO 12796 --- [Event Management System - Kernel] [    Test worker] o.hibernate.jpa.internal.util.LogHelper  : HHH000204: Processing PersistenceUnitInfo [name: default]
2025-05-01T14:34:44.714+02:00  INFO 12796 --- [Event Management System - Kernel] [    Test worker] o.h.c.internal.RegionFactoryInitiator    : HHH000026: Second-level cache disabled
2025-05-01T14:34:44.811+02:00  INFO 12796 --- [Event Management System - Kernel] [    Test worker] o.s.o.j.p.SpringPersistenceUnitInfo      : No LoadTimeWeaver setup: ignoring JPA class transformer
2025-05-01T14:34:44.823+02:00  INFO 12796 --- [Event Management System - Kernel] [    Test worker] org.hibernate.orm.connections.pooling    : HHH10001005: Database info:
	Database JDBC URL [Connecting through datasource 'org.springframework.jdbc.datasource.embedded.EmbeddedDatabaseFactory$EmbeddedDataSourceProxy@494c452b']
	Database driver: undefined/unknown
	Database version: 2.3.232
	Autocommit mode: undefined/unknown
	Isolation level: undefined/unknown
	Minimum pool size: undefined/unknown
	Maximum pool size: undefined/unknown
2025-05-01T14:34:45.246+02:00  INFO 12796 --- [Event Management System - Kernel] [    Test worker] o.h.e.t.j.p.i.JtaPlatformInitiator       : HHH000489: No JTA platform available (set 'hibernate.transaction.jta.platform' to enable JTA platform integration)
Hibernate: drop table if exists event cascade 
Hibernate: drop table if exists event_history cascade 
Hibernate: create table event (active boolean, created_at timestamp(6), event_id bigint not null, id bigint generated by default as identity, updated_at timestamp(6), created_by varchar(255), event_description varchar(255), event_name varchar(255), event_venue varchar(255), updated_by varchar(255), primary key (id))
Hibernate: create table event_history (active boolean, event_status integer not null, created_at timestamp(6), event_booker_id bigint not null, event_end_date timestamp(6), event_history_id bigint not null, event_id bigint not null, event_publisher_id bigint not null, event_start_date timestamp(6), id bigint generated by default as identity, updated_at timestamp(6), created_by varchar(255), event_booker_name varchar(255), event_description varchar(255), event_name varchar(255), event_publisher_name varchar(255), event_venue varchar(255), updated_by varchar(255), primary key (id))
2025-05-01T14:34:45.272+02:00  INFO 12796 --- [Event Management System - Kernel] [    Test worker] j.LocalContainerEntityManagerFactoryBean : Initialized JPA EntityManagerFactory for persistence unit 'default'
2025-05-01T14:34:45.576+02:00  INFO 12796 --- [Event Management System - Kernel] [    Test worker] .r.EventHistoryRepositoryIntegrationTest : Started EventHistoryRepositoryIntegrationTest in 1.417 seconds (process running for 20.161)
Hibernate: insert into event_history (active,created_at,created_by,event_booker_id,event_booker_name,event_description,event_end_date,event_history_id,event_id,event_name,event_publisher_id,event_publisher_name,event_start_date,event_status,event_venue,updated_at,updated_by,id) values (?,?,?,?,?,?,?,?,?,?,?,?,?,?,?,?,?,default)
Hibernate: insert into event_history (active,created_at,created_by,event_booker_id,event_booker_name,event_description,event_end_date,event_history_id,event_id,event_name,event_publisher_id,event_publisher_name,event_start_date,event_status,event_venue,updated_at,updated_by,id) values (?,?,?,?,?,?,?,?,?,?,?,?,?,?,?,?,?,default)
Hibernate: insert into event_history (active,created_at,created_by,event_booker_id,event_booker_name,event_description,event_end_date,event_history_id,event_id,event_name,event_publisher_id,event_publisher_name,event_start_date,event_status,event_venue,updated_at,updated_by,id) values (?,?,?,?,?,?,?,?,?,?,?,?,?,?,?,?,?,default)
]]></system-out>
  <system-err><![CDATA[]]></system-err>
</testsuite>
