<?xml version="1.0" encoding="UTF-8"?>
<testsuite name="com.kola.management.event.event.event.services.EventServiceIntegrationTest" tests="5" skipped="0" failures="2" errors="0" timestamp="2025-04-30T21:49:32.552Z" hostname="DESKTOP-154MT6H" time="0.666">
  <properties/>
  <testcase name="givenMissingNom_whenCreate_thenThrowsException()" classname="com.kola.management.event.event.event.services.EventServiceIntegrationTest" time="0.089"/>
  <testcase name="givenExistingEvent_whenUpdate_thenUpdatedSuccessfully()" classname="com.kola.management.event.event.event.services.EventServiceIntegrationTest" time="0.253">
    <failure message="java.util.NoSuchElementException: No value present" type="java.util.NoSuchElementException">java.util.NoSuchElementException: No value present
	at java.base/java.util.Optional.get(Optional.java:143)
	at com.kola.management.event.event.event.services.EventServiceIntegrationTest.givenExistingEvent_whenUpdate_thenUpdatedSuccessfully(EventServiceIntegrationTest.java:53)
	at java.base/java.lang.reflect.Method.invoke(Method.java:580)
	at java.base/java.util.ArrayList.forEach(ArrayList.java:1596)
	at java.base/java.util.ArrayList.forEach(ArrayList.java:1596)
</failure>
  </testcase>
  <testcase name="givenMissingPermissions_whenCreate_thenThrowsException()" classname="com.kola.management.event.event.event.services.EventServiceIntegrationTest" time="0.103"/>
  <testcase name="givenValidEvent_whenCreate_thenSuccess()" classname="com.kola.management.event.event.event.services.EventServiceIntegrationTest" time="0.104">
    <failure message="java.util.NoSuchElementException: No value present" type="java.util.NoSuchElementException">java.util.NoSuchElementException: No value present
	at java.base/java.util.Optional.get(Optional.java:143)
	at com.kola.management.event.event.event.services.EventServiceIntegrationTest.givenValidEvent_whenCreate_thenSuccess(EventServiceIntegrationTest.java:38)
	at java.base/java.lang.reflect.Method.invoke(Method.java:580)
	at java.base/java.util.ArrayList.forEach(ArrayList.java:1596)
	at java.base/java.util.ArrayList.forEach(ArrayList.java:1596)
</failure>
  </testcase>
  <testcase name="givenValidRole_whenFindByNom_thenReturnCorrectResult()" classname="com.kola.management.event.event.event.services.EventServiceIntegrationTest" time="0.077"/>
  <system-out><![CDATA[2025-04-30T23:49:32.102+02:00  INFO 14956 --- [Event Management System - Kernel] [    Test worker] t.c.s.AnnotationConfigContextLoaderUtils : Could not detect default configuration classes for test class [com.kola.management.event.event.event.services.EventServiceIntegrationTest]: EventServiceIntegrationTest does not declare any static, non-private, non-final, nested classes annotated with @Configuration.
2025-04-30T23:49:32.130+02:00  INFO 14956 --- [Event Management System - Kernel] [    Test worker] .b.t.c.SpringBootTestContextBootstrapper : Found @SpringBootConfiguration com.kola.management.event.event.EventEventApplication for test class com.kola.management.event.event.event.services.EventServiceIntegrationTest
]]></system-out>
  <system-err><![CDATA[]]></system-err>
</testsuite>
