<?xml version="1.0" encoding="UTF-8"?>
<testsuite name="com.kola.management.event.event.event.repository.EventHistoryRepositoryIntegrationTest" tests="3" skipped="0" failures="0" errors="0" timestamp="2025-04-30T21:49:41.339Z" hostname="DESKTOP-154MT6H" time="0.448">
  <properties/>
  <testcase name="givenEventHistory_whenSave_thenSuccess()" classname="com.kola.management.event.event.event.repository.EventHistoryRepositoryIntegrationTest" time="0.378"/>
  <testcase name="givenEventHisotryCreated_whenUpdate_thenSuccess()" classname="com.kola.management.event.event.event.repository.EventHistoryRepositoryIntegrationTest" time="0.031"/>
  <testcase name="givenEventHistoryCreated_whenFindById_thenSuccess()" classname="com.kola.management.event.event.event.repository.EventHistoryRepositoryIntegrationTest" time="0.032"/>
  <system-out><![CDATA[2025-04-30T23:49:39.114+02:00  INFO 14956 --- [Event Management System - Kernel] [    Test worker] t.c.s.AnnotationConfigContextLoaderUtils : Could not detect default configuration classes for test class [com.kola.management.event.event.event.repository.EventHistoryRepositoryIntegrationTest]: EventHistoryRepositoryIntegrationTest does not declare any static, non-private, non-final, nested classes annotated with @Configuration.
2025-04-30T23:49:39.264+02:00  INFO 14956 --- [Event Management System - Kernel] [    Test worker] .b.t.c.SpringBootTestContextBootstrapper : Found @SpringBootConfiguration com.kola.management.event.event.EventEventApplication for test class com.kola.management.event.event.event.repository.EventHistoryRepositoryIntegrationTest

  .   ____          _            __ _ _
 /\\ / ___'_ __ _ _(_)_ __  __ _ \ \ \ \
( ( )\___ | '_ | '_| | '_ \/ _` | \ \ \ \
 \\/  ___)| |_)| | | | | || (_| |  ) ) ) )
  '  |____| .__|_| |_|_| |_\__, | / / / /
 =========|_|==============|___/=/_/_/_/

 :: Spring Boot ::                (v3.4.4)

2025-04-30T23:49:39.487+02:00  INFO 14956 --- [Event Management System - Kernel] [    Test worker] .r.EventHistoryRepositoryIntegrationTest : Starting EventHistoryRepositoryIntegrationTest using Java 21.0.7 with PID 14956 (started by user in E:\jjava\kola-management-event-app\kola-management-event-event)
2025-04-30T23:49:39.495+02:00  INFO 14956 --- [Event Management System - Kernel] [    Test worker] .r.EventHistoryRepositoryIntegrationTest : No active profile set, falling back to 1 default profile: "default"
2025-04-30T23:49:39.877+02:00  INFO 14956 --- [Event Management System - Kernel] [    Test worker] .s.d.r.c.RepositoryConfigurationDelegate : Bootstrapping Spring Data JPA repositories in DEFAULT mode.
2025-04-30T23:49:39.948+02:00  INFO 14956 --- [Event Management System - Kernel] [    Test worker] .s.d.r.c.RepositoryConfigurationDelegate : Finished Spring Data repository scanning in 65 ms. Found 2 JPA repository interfaces.
2025-04-30T23:49:40.037+02:00  INFO 14956 --- [Event Management System - Kernel] [    Test worker] beddedDataSourceBeanFactoryPostProcessor : Replacing 'dataSource' DataSource bean with embedded version
2025-04-30T23:49:40.130+02:00  INFO 14956 --- [Event Management System - Kernel] [    Test worker] o.s.j.d.e.EmbeddedDatabaseFactory        : Starting embedded database: url='jdbc:h2:mem:5b8f7d57-da04-4917-a35d-4378c379f438;DB_CLOSE_DELAY=-1;DB_CLOSE_ON_EXIT=false', username='sa'
2025-04-30T23:49:40.271+02:00  INFO 14956 --- [Event Management System - Kernel] [    Test worker] o.hibernate.jpa.internal.util.LogHelper  : HHH000204: Processing PersistenceUnitInfo [name: default]
2025-04-30T23:49:40.302+02:00  INFO 14956 --- [Event Management System - Kernel] [    Test worker] o.h.c.internal.RegionFactoryInitiator    : HHH000026: Second-level cache disabled
2025-04-30T23:49:40.384+02:00  INFO 14956 --- [Event Management System - Kernel] [    Test worker] o.s.o.j.p.SpringPersistenceUnitInfo      : No LoadTimeWeaver setup: ignoring JPA class transformer
2025-04-30T23:49:40.392+02:00  INFO 14956 --- [Event Management System - Kernel] [    Test worker] org.hibernate.orm.connections.pooling    : HHH10001005: Database info:
	Database JDBC URL [Connecting through datasource 'org.springframework.jdbc.datasource.embedded.EmbeddedDatabaseFactory$EmbeddedDataSourceProxy@5680228']
	Database driver: undefined/unknown
	Database version: 2.3.232
	Autocommit mode: undefined/unknown
	Isolation level: undefined/unknown
	Minimum pool size: undefined/unknown
	Maximum pool size: undefined/unknown
2025-04-30T23:49:40.936+02:00  INFO 14956 --- [Event Management System - Kernel] [    Test worker] o.h.e.t.j.p.i.JtaPlatformInitiator       : HHH000489: No JTA platform available (set 'hibernate.transaction.jta.platform' to enable JTA platform integration)
Hibernate: drop table if exists event cascade 
Hibernate: drop table if exists event_history cascade 
Hibernate: create table event (active boolean, created_at timestamp(6), event_id bigint not null, id bigint generated by default as identity, updated_at timestamp(6), created_by varchar(255), event_description varchar(255), event_name varchar(255), event_venue varchar(255), updated_by varchar(255), primary key (id))
Hibernate: create table event_history (active boolean, event_status integer not null, created_at timestamp(6), event_booker_id bigint not null, event_end_date timestamp(6), event_history_id bigint not null, event_id bigint not null, event_publisher_id bigint not null, event_start_date timestamp(6), id bigint generated by default as identity, updated_at timestamp(6), created_by varchar(255), event_booker_name varchar(255), event_description varchar(255), event_name varchar(255), event_publisher_name varchar(255), event_venue varchar(255), updated_by varchar(255), primary key (id))
2025-04-30T23:49:40.958+02:00  INFO 14956 --- [Event Management System - Kernel] [    Test worker] j.LocalContainerEntityManagerFactoryBean : Initialized JPA EntityManagerFactory for persistence unit 'default'
2025-04-30T23:49:41.329+02:00  INFO 14956 --- [Event Management System - Kernel] [    Test worker] .r.EventHistoryRepositoryIntegrationTest : Started EventHistoryRepositoryIntegrationTest in 2.047 seconds (process running for 56.947)
Hibernate: insert into event_history (active,created_at,created_by,event_booker_id,event_booker_name,event_description,event_end_date,event_history_id,event_id,event_name,event_publisher_id,event_publisher_name,event_start_date,event_status,event_venue,updated_at,updated_by,id) values (?,?,?,?,?,?,?,?,?,?,?,?,?,?,?,?,?,default)
Hibernate: insert into event_history (active,created_at,created_by,event_booker_id,event_booker_name,event_description,event_end_date,event_history_id,event_id,event_name,event_publisher_id,event_publisher_name,event_start_date,event_status,event_venue,updated_at,updated_by,id) values (?,?,?,?,?,?,?,?,?,?,?,?,?,?,?,?,?,default)
Hibernate: insert into event_history (active,created_at,created_by,event_booker_id,event_booker_name,event_description,event_end_date,event_history_id,event_id,event_name,event_publisher_id,event_publisher_name,event_start_date,event_status,event_venue,updated_at,updated_by,id) values (?,?,?,?,?,?,?,?,?,?,?,?,?,?,?,?,?,default)
]]></system-out>
  <system-err><![CDATA[]]></system-err>
</testsuite>
