<?xml version="1.0" encoding="UTF-8"?>
<testsuite name="com.kola.management.event.kernel.repository.BaseModelRepositoryIntegrationTest" tests="3" skipped="0" failures="0" errors="0" timestamp="2025-05-02T06:44:09.804Z" hostname="DESKTOP-154MT6H" time="0.729">
  <properties/>
  <testcase name="givenNewBaseModel_whenSave_thenSuccess()" classname="com.kola.management.event.kernel.repository.BaseModelRepositoryIntegrationTest" time="0.603"/>
  <testcase name="givenBaseModelCreated_whenUpdate_thenSuccess()" classname="com.kola.management.event.kernel.repository.BaseModelRepositoryIntegrationTest" time="0.072"/>
  <testcase name="givenBaseModelCreated_whenFindById_thenSuccess()" classname="com.kola.management.event.kernel.repository.BaseModelRepositoryIntegrationTest" time="0.041"/>
  <system-out><![CDATA[2025-05-02T08:44:07.555+02:00  INFO 2992 --- [Event Management System - Kernel] [    Test worker] t.c.s.AnnotationConfigContextLoaderUtils : Could not detect default configuration classes for test class [com.kola.management.event.kernel.repository.BaseModelRepositoryIntegrationTest]: BaseModelRepositoryIntegrationTest does not declare any static, non-private, non-final, nested classes annotated with @Configuration.
2025-05-02T08:44:07.710+02:00  INFO 2992 --- [Event Management System - Kernel] [    Test worker] .b.t.c.SpringBootTestContextBootstrapper : Found @SpringBootConfiguration com.kola.management.event.kernel.EventKernelApplication for test class com.kola.management.event.kernel.repository.BaseModelRepositoryIntegrationTest

  .   ____          _            __ _ _
 /\\ / ___'_ __ _ _(_)_ __  __ _ \ \ \ \
( ( )\___ | '_ | '_| | '_ \/ _` | \ \ \ \
 \\/  ___)| |_)| | | | | || (_| |  ) ) ) )
  '  |____| .__|_| |_|_| |_\__, | / / / /
 =========|_|==============|___/=/_/_/_/

 :: Spring Boot ::                (v3.4.4)

2025-05-02T08:44:08.082+02:00  INFO 2992 --- [Event Management System - Kernel] [    Test worker] e.k.r.BaseModelRepositoryIntegrationTest : Starting BaseModelRepositoryIntegrationTest using Java 21.0.7 with PID 2992 (started by user in E:\jjava\kola-management-event-app\kola-management-event-kernel)
2025-05-02T08:44:08.088+02:00  INFO 2992 --- [Event Management System - Kernel] [    Test worker] e.k.r.BaseModelRepositoryIntegrationTest : No active profile set, falling back to 1 default profile: "default"
2025-05-02T08:44:08.675+02:00  INFO 2992 --- [Event Management System - Kernel] [    Test worker] .s.d.r.c.RepositoryConfigurationDelegate : Bootstrapping Spring Data JPA repositories in DEFAULT mode.
2025-05-02T08:44:08.728+02:00  INFO 2992 --- [Event Management System - Kernel] [    Test worker] .s.d.r.c.RepositoryConfigurationDelegate : Finished Spring Data repository scanning in 46 ms. Found 2 JPA repository interfaces.
2025-05-02T08:44:08.792+02:00  INFO 2992 --- [Event Management System - Kernel] [    Test worker] beddedDataSourceBeanFactoryPostProcessor : Replacing 'dataSource' DataSource bean with embedded version
2025-05-02T08:44:08.891+02:00  INFO 2992 --- [Event Management System - Kernel] [    Test worker] o.s.j.d.e.EmbeddedDatabaseFactory        : Starting embedded database: url='jdbc:h2:mem:e4573032-8a6c-401e-b8c1-4986ee57fb65;DB_CLOSE_DELAY=-1;DB_CLOSE_ON_EXIT=false', username='sa'
2025-05-02T08:44:09.051+02:00  INFO 2992 --- [Event Management System - Kernel] [    Test worker] o.hibernate.jpa.internal.util.LogHelper  : HHH000204: Processing PersistenceUnitInfo [name: default]
2025-05-02T08:44:09.062+02:00  INFO 2992 --- [Event Management System - Kernel] [    Test worker] o.h.c.internal.RegionFactoryInitiator    : HHH000026: Second-level cache disabled
2025-05-02T08:44:09.188+02:00  INFO 2992 --- [Event Management System - Kernel] [    Test worker] o.s.o.j.p.SpringPersistenceUnitInfo      : No LoadTimeWeaver setup: ignoring JPA class transformer
2025-05-02T08:44:09.248+02:00  INFO 2992 --- [Event Management System - Kernel] [    Test worker] org.hibernate.orm.connections.pooling    : HHH10001005: Database info:
	Database JDBC URL [Connecting through datasource 'org.springframework.jdbc.datasource.embedded.EmbeddedDatabaseFactory$EmbeddedDataSourceProxy@301c0aae']
	Database driver: undefined/unknown
	Database version: 2.3.232
	Autocommit mode: undefined/unknown
	Isolation level: undefined/unknown
	Minimum pool size: undefined/unknown
	Maximum pool size: undefined/unknown
2025-05-02T08:44:09.594+02:00  INFO 2992 --- [Event Management System - Kernel] [    Test worker] o.h.e.t.j.p.i.JtaPlatformInitiator       : HHH000489: No JTA platform available (set 'hibernate.transaction.jta.platform' to enable JTA platform integration)
Hibernate: drop table if exists base_model cascade 
Hibernate: create table base_model (active boolean, base_model_id bigint, created_at timestamp(6), id bigint generated by default as identity, updated_at timestamp(6), created_by varchar(255), name varchar(255), updated_by varchar(255), primary key (id))
2025-05-02T08:44:09.616+02:00  INFO 2992 --- [Event Management System - Kernel] [    Test worker] j.LocalContainerEntityManagerFactoryBean : Initialized JPA EntityManagerFactory for persistence unit 'default'
2025-05-02T08:44:09.795+02:00  INFO 2992 --- [Event Management System - Kernel] [    Test worker] e.k.r.BaseModelRepositoryIntegrationTest : Started BaseModelRepositoryIntegrationTest in 2.004 seconds (process running for 33.29)
Hibernate: insert into base_model (active,base_model_id,created_at,created_by,name,updated_at,updated_by,id) values (?,?,?,?,?,?,?,default)
Hibernate: insert into base_model (active,base_model_id,created_at,created_by,name,updated_at,updated_by,id) values (?,?,?,?,?,?,?,default)
Hibernate: insert into base_model (active,base_model_id,created_at,created_by,name,updated_at,updated_by,id) values (?,?,?,?,?,?,?,default)
]]></system-out>
  <system-err><![CDATA[]]></system-err>
</testsuite>
