<?xml version="1.0" encoding="UTF-8"?>
<testsuite name="com.kola.management.event.kernel.repository.BaseModelRepositoryIntegrationTest" tests="3" skipped="0" failures="0" errors="0" timestamp="2025-04-30T14:38:46.977Z" hostname="DESKTOP-154MT6H" time="0.143">
  <properties/>
  <testcase name="givenNewBaseModel_whenSave_thenSuccess()" classname="com.kola.management.event.kernel.repository.BaseModelRepositoryIntegrationTest" time="0.089"/>
  <testcase name="givenBaseModelCreated_whenUpdate_thenSuccess()" classname="com.kola.management.event.kernel.repository.BaseModelRepositoryIntegrationTest" time="0.023"/>
  <testcase name="givenBaseModelCreated_whenFindById_thenSuccess()" classname="com.kola.management.event.kernel.repository.BaseModelRepositoryIntegrationTest" time="0.025"/>
  <system-out><![CDATA[2025-04-30T16:38:46.037+02:00  INFO 7656 --- [Event Management System - Kernel] [    Test worker] t.c.s.AnnotationConfigContextLoaderUtils : Could not detect default configuration classes for test class [com.kola.management.event.kernel.repository.BaseModelRepositoryIntegrationTest]: BaseModelRepositoryIntegrationTest does not declare any static, non-private, non-final, nested classes annotated with @Configuration.
2025-04-30T16:38:46.108+02:00  INFO 7656 --- [Event Management System - Kernel] [    Test worker] .b.t.c.SpringBootTestContextBootstrapper : Found @SpringBootConfiguration com.kola.management.event.kernel.EventKernelApplication for test class com.kola.management.event.kernel.repository.BaseModelRepositoryIntegrationTest

  .   ____          _            __ _ _
 /\\ / ___'_ __ _ _(_)_ __  __ _ \ \ \ \
( ( )\___ | '_ | '_| | '_ \/ _` | \ \ \ \
 \\/  ___)| |_)| | | | | || (_| |  ) ) ) )
  '  |____| .__|_| |_|_| |_\__, | / / / /
 =========|_|==============|___/=/_/_/_/

 :: Spring Boot ::                (v3.4.4)

2025-04-30T16:38:46.194+02:00  INFO 7656 --- [Event Management System - Kernel] [    Test worker] e.k.r.BaseModelRepositoryIntegrationTest : Starting BaseModelRepositoryIntegrationTest using Java 21.0.7 with PID 7656 (started by user in E:\jjava\kola-management-event-app\kola-management-event-kernel)
2025-04-30T16:38:46.194+02:00  INFO 7656 --- [Event Management System - Kernel] [    Test worker] e.k.r.BaseModelRepositoryIntegrationTest : No active profile set, falling back to 1 default profile: "default"
2025-04-30T16:38:46.414+02:00  INFO 7656 --- [Event Management System - Kernel] [    Test worker] .s.d.r.c.RepositoryConfigurationDelegate : Bootstrapping Spring Data JPA repositories in DEFAULT mode.
2025-04-30T16:38:46.439+02:00  INFO 7656 --- [Event Management System - Kernel] [    Test worker] .s.d.r.c.RepositoryConfigurationDelegate : Finished Spring Data repository scanning in 28 ms. Found 2 JPA repository interfaces.
2025-04-30T16:38:46.485+02:00  INFO 7656 --- [Event Management System - Kernel] [    Test worker] beddedDataSourceBeanFactoryPostProcessor : Replacing 'dataSource' DataSource bean with embedded version
2025-04-30T16:38:46.538+02:00  INFO 7656 --- [Event Management System - Kernel] [    Test worker] o.s.j.d.e.EmbeddedDatabaseFactory        : Starting embedded database: url='jdbc:h2:mem:9efbcb61-8802-46ab-987f-93f3745b130b;DB_CLOSE_DELAY=-1;DB_CLOSE_ON_EXIT=false', username='sa'
2025-04-30T16:38:46.596+02:00  INFO 7656 --- [Event Management System - Kernel] [    Test worker] o.hibernate.jpa.internal.util.LogHelper  : HHH000204: Processing PersistenceUnitInfo [name: default]
2025-04-30T16:38:46.611+02:00  INFO 7656 --- [Event Management System - Kernel] [    Test worker] o.h.c.internal.RegionFactoryInitiator    : HHH000026: Second-level cache disabled
2025-04-30T16:38:46.639+02:00  INFO 7656 --- [Event Management System - Kernel] [    Test worker] o.s.o.j.p.SpringPersistenceUnitInfo      : No LoadTimeWeaver setup: ignoring JPA class transformer
2025-04-30T16:38:46.654+02:00  INFO 7656 --- [Event Management System - Kernel] [    Test worker] org.hibernate.orm.connections.pooling    : HHH10001005: Database info:
	Database JDBC URL [Connecting through datasource 'org.springframework.jdbc.datasource.embedded.EmbeddedDatabaseFactory$EmbeddedDataSourceProxy@79c9f619']
	Database driver: undefined/unknown
	Database version: 2.3.232
	Autocommit mode: undefined/unknown
	Isolation level: undefined/unknown
	Minimum pool size: undefined/unknown
	Maximum pool size: undefined/unknown
2025-04-30T16:38:46.786+02:00  INFO 7656 --- [Event Management System - Kernel] [    Test worker] o.h.e.t.j.p.i.JtaPlatformInitiator       : HHH000489: No JTA platform available (set 'hibernate.transaction.jta.platform' to enable JTA platform integration)
Hibernate: drop table if exists base_model cascade 
Hibernate: create table base_model (active boolean, base_model_id bigint, created_at timestamp(6), id bigint generated by default as identity, updated_at timestamp(6), created_by varchar(255), name varchar(255), updated_by varchar(255), primary key (id))
2025-04-30T16:38:46.786+02:00  INFO 7656 --- [Event Management System - Kernel] [    Test worker] j.LocalContainerEntityManagerFactoryBean : Initialized JPA EntityManagerFactory for persistence unit 'default'
2025-04-30T16:38:46.961+02:00  INFO 7656 --- [Event Management System - Kernel] [    Test worker] e.k.r.BaseModelRepositoryIntegrationTest : Started BaseModelRepositoryIntegrationTest in 0.84 seconds (process running for 21.627)
Hibernate: insert into base_model (active,base_model_id,created_at,created_by,name,updated_at,updated_by,id) values (?,?,?,?,?,?,?,default)
Hibernate: insert into base_model (active,base_model_id,created_at,created_by,name,updated_at,updated_by,id) values (?,?,?,?,?,?,?,default)
Hibernate: insert into base_model (active,base_model_id,created_at,created_by,name,updated_at,updated_by,id) values (?,?,?,?,?,?,?,default)
]]></system-out>
  <system-err><![CDATA[]]></system-err>
</testsuite>
