<?xml version="1.0" encoding="UTF-8"?>
<testsuite name="com.notary.management.kernel.KernelApplicationTests" tests="1" skipped="0" failures="0" errors="0" timestamp="2025-04-28T17:37:07.791Z" hostname="DESKTOP-154MT6H" time="2.322">
  <properties/>
  <testcase name="contextLoads()" classname="com.notary.management.kernel.KernelApplicationTests" time="2.322"/>
  <system-out><![CDATA[19:36:34.749 [Test worker] INFO org.springframework.test.context.support.AnnotationConfigContextLoaderUtils -- Could not detect default configuration classes for test class [com.notary.management.kernel.KernelApplicationTests]: KernelApplicationTests does not declare any static, non-private, non-final, nested classes annotated with @Configuration.
19:36:36.107 [Test worker] INFO org.springframework.boot.test.context.SpringBootTestContextBootstrapper -- Found @SpringBootConfiguration com.notary.management.kernel.KernelApplication for test class com.notary.management.kernel.KernelApplicationTests

  .   ____          _            __ _ _
 /\\ / ___'_ __ _ _(_)_ __  __ _ \ \ \ \
( ( )\___ | '_ | '_| | '_ \/ _` | \ \ \ \
 \\/  ___)| |_)| | | | | || (_| |  ) ) ) )
  '  |____| .__|_| |_|_| |_\__, | / / / /
 =========|_|==============|___/=/_/_/_/

 :: Spring Boot ::                (v3.4.4)

2025-04-28T19:36:38.667+02:00  INFO 2868 --- [Notary Management System - Kernel] [    Test worker] c.n.m.kernel.KernelApplicationTests      : Starting KernelApplicationTests using Java 21.0.7 with PID 2868 (started by user in E:\jjava\notary-management-app\notary-management-kernel)
2025-04-28T19:36:38.710+02:00  INFO 2868 --- [Notary Management System - Kernel] [    Test worker] c.n.m.kernel.KernelApplicationTests      : No active profile set, falling back to 1 default profile: "default"
2025-04-28T19:36:45.439+02:00  INFO 2868 --- [Notary Management System - Kernel] [    Test worker] .s.d.r.c.RepositoryConfigurationDelegate : Bootstrapping Spring Data JPA repositories in DEFAULT mode.
2025-04-28T19:36:45.792+02:00  INFO 2868 --- [Notary Management System - Kernel] [    Test worker] .s.d.r.c.RepositoryConfigurationDelegate : Finished Spring Data repository scanning in 315 ms. Found 2 JPA repository interfaces.
2025-04-28T19:36:50.267+02:00  INFO 2868 --- [Notary Management System - Kernel] [    Test worker] com.zaxxer.hikari.HikariDataSource       : HikariPool-1 - Starting...
2025-04-28T19:36:51.071+02:00  INFO 2868 --- [Notary Management System - Kernel] [    Test worker] com.zaxxer.hikari.pool.HikariPool        : HikariPool-1 - Added connection conn0: url=jdbc:h2:mem:a0d699fe-d534-451c-98f2-b44429b42354 user=SA
2025-04-28T19:36:51.078+02:00  INFO 2868 --- [Notary Management System - Kernel] [    Test worker] com.zaxxer.hikari.HikariDataSource       : HikariPool-1 - Start completed.
2025-04-28T19:36:51.693+02:00  INFO 2868 --- [Notary Management System - Kernel] [    Test worker] o.hibernate.jpa.internal.util.LogHelper  : HHH000204: Processing PersistenceUnitInfo [name: default]
2025-04-28T19:36:52.097+02:00  INFO 2868 --- [Notary Management System - Kernel] [    Test worker] org.hibernate.Version                    : HHH000412: Hibernate ORM core version 6.6.11.Final
2025-04-28T19:36:52.277+02:00  INFO 2868 --- [Notary Management System - Kernel] [    Test worker] o.h.c.internal.RegionFactoryInitiator    : HHH000026: Second-level cache disabled
2025-04-28T19:36:55.024+02:00  INFO 2868 --- [Notary Management System - Kernel] [    Test worker] o.s.o.j.p.SpringPersistenceUnitInfo      : No LoadTimeWeaver setup: ignoring JPA class transformer
2025-04-28T19:36:55.268+02:00  INFO 2868 --- [Notary Management System - Kernel] [    Test worker] org.hibernate.orm.connections.pooling    : HHH10001005: Database info:
	Database JDBC URL [Connecting through datasource 'HikariDataSource (HikariPool-1)']
	Database driver: undefined/unknown
	Database version: 2.3.232
	Autocommit mode: undefined/unknown
	Isolation level: undefined/unknown
	Minimum pool size: undefined/unknown
	Maximum pool size: undefined/unknown
2025-04-28T19:36:58.540+02:00  INFO 2868 --- [Notary Management System - Kernel] [    Test worker] o.h.e.t.j.p.i.JtaPlatformInitiator       : HHH000489: No JTA platform available (set 'hibernate.transaction.jta.platform' to enable JTA platform integration)
2025-04-28T19:36:58.640+02:00  INFO 2868 --- [Notary Management System - Kernel] [    Test worker] j.LocalContainerEntityManagerFactoryBean : Initialized JPA EntityManagerFactory for persistence unit 'default'
2025-04-28T19:37:02.221+02:00  WARN 2868 --- [Notary Management System - Kernel] [    Test worker] JpaBaseConfiguration$JpaWebConfiguration : spring.jpa.open-in-view is enabled by default. Therefore, database queries may be performed during view rendering. Explicitly configure spring.jpa.open-in-view to disable this warning
2025-04-28T19:37:04.480+02:00  WARN 2868 --- [Notary Management System - Kernel] [    Test worker] ion$DefaultTemplateResolverConfiguration : Cannot find template location: classpath:/templates/ (please add some templates, check your Thymeleaf configuration, or set spring.thymeleaf.check-template-location=false)
2025-04-28T19:37:06.113+02:00  INFO 2868 --- [Notary Management System - Kernel] [    Test worker] r$InitializeUserDetailsManagerConfigurer : Global AuthenticationManager configured with UserDetailsService bean with name inMemoryUserDetailsManager
2025-04-28T19:37:07.743+02:00  INFO 2868 --- [Notary Management System - Kernel] [    Test worker] c.n.m.kernel.KernelApplicationTests      : Started KernelApplicationTests in 30.49 seconds (process running for 37.999)
]]></system-out>
  <system-err><![CDATA[Mockito is currently self-attaching to enable the inline-mock-maker. This will no longer work in future releases of the JDK. Please add Mockito as an agent to your build what is described in Mockito's documentation: https://javadoc.io/doc/org.mockito/mockito-core/latest/org/mockito/Mockito.html#0.3
WARNING: A Java agent has been loaded dynamically (C:\Users\user\.gradle\caches\modules-2\files-2.1\net.bytebuddy\byte-buddy-agent\1.15.11\a38b16385e867f59a641330f0362ebe742788ed8\byte-buddy-agent-1.15.11.jar)
WARNING: If a serviceability tool is in use, please run with -XX:+EnableDynamicAgentLoading to hide this warning
WARNING: If a serviceability tool is not in use, please run with -Djdk.instrument.traceUsage for more information
WARNING: Dynamic loading of agents will be disallowed by default in a future release
]]></system-err>
</testsuite>
